<?xml version="1.0" encoding="UTF-8"?>
<testsuite xmlns:xsi="http://www.w3.org/2001/XMLSchema-instance" xsi:noNamespaceSchemaLocation="https://maven.apache.org/surefire/maven-surefire-plugin/xsd/surefire-test-report.xsd" version="3.0.2" name="com.solaria.messenger.MessagerApplicationTests" time="4.183" tests="1" errors="0" skipped="0" failures="0" flakes="0">
  <properties>
[...]
</properties>
  <testcase name="contextLoads" classname="com.solaria.messenger.MessagerApplicationTests" time="0.002">
    <system-out><![CDATA[2026-08-13T22:41:48.410-03:00  INFO 10380 --- [messager] [           main] t.c.s.AnnotationConfigContextLoaderUtils : Could not detect default configuration classes for test class [com.solaria.messenger.MessagerApplicationTests]: MessagerApplicationTests does not declare any static, non-private, non-final, nested classes annotated with @Configuration.
2026-08-13T22:41:48.453-03:00  INFO 10380 --- [messager] [           main] .b.t.c.SpringBootTestContextBootstrapper : Found @SpringBootConfiguration com.solaria.messenger.MessagerApplication for test class com.solaria.messenger.MessagerApplicationTests
2026-08-13T22:41:48.458-03:00  INFO 10380 --- [messager] [           main] t.c.s.AnnotationConfigContextLoaderUtils : Could not detect default configuration classes for test class [com.solaria.messenger.MessagerApplicationTests]: MessagerApplicationTests does not declare any static, non-private, non-final, nested classes annotated with @Configuration.
2026-08-13T22:41:48.461-03:00  INFO 10380 --- [messager] [           main] .b.t.c.SpringBootTestContextBootstrapper : Found @SpringBootConfiguration com.solaria.messenger.MessagerApplication for test class com.solaria.messenger.MessagerApplicationTests

  .   ____          _            __ _ _
 /\\ / ___'_ __ _ _(_)_ __  __ _ \ \ \ \
( ( )\___ | '_ | '_| | '_ \/ _` | \ \ \ \
 \\/  ___)| |_)| | | | | || (_| |  ) ) ) )
  '  |____| .__|_| |_|_| |_\__, | / / / /
 =========|_|==============|___/=/_/_/_/

 :: Spring Boot ::                (v4.1.0)

2026-08-13T22:41:48.559-03:00  INFO 10380 --- [messager] [           main] c.s.messenger.MessagerApplicationTests   : Starting MessagerApplicationTests using Java 23.0.2 with PID 10380 (started by carlosbellomo-ieg in C:\Users\carlosbellomo-ieg\OneDrive - Instituto J&F\�rea de Trabalho\Inter\api-messenger)
2026-08-13T22:41:48.561-03:00  INFO 10380 --- [messager] [           main] c.s.messenger.MessagerApplicationTests   : No active profile set, falling back to 1 default profile: "default"
2026-08-13T22:41:49.310-03:00  INFO 10380 --- [messager] [           main] .s.d.r.c.RepositoryConfigurationDelegate : Bootstrapping Spring Data MongoDB repositories in DEFAULT mode.
2026-08-13T22:41:49.625-03:00  INFO 10380 --- [messager] [           main] .s.d.r.c.RepositoryConfigurationDelegate : Finished Spring Data repository scanning in 234 ms. Found 2 MongoDB repository interfaces.
2026-08-13T22:41:50.789-03:00  INFO 10380 --- [messager] [           main] org.mongodb.driver.client                : MongoClient with metadata {"driver": {"name": "mongo-java-driver|spring-boot|sync", "version": "5.8.0"}, "os": {"type": "Windows", "name": "Windows 11", "architecture": "amd64", "version": "10.0"}, "platform": "Java/Oracle Corporation/23.0.2+7-58"} created with settings MongoClientSettings{readPreference=primary, writeConcern=WriteConcern{w=null, wTimeout=null ms, journal=null}, retryWrites=true, retryReads=true, readConcern=ReadConcern{level=null}, credential=null, transportSettings=null, commandListeners=[], codecRegistry=ProvidersCodecRegistry{codecProviders=[ValueCodecProvider{}, BsonValueCodecProvider{}, DBRefCodecProvider{}, DBObjectCodecProvider{}, DocumentCodecProvider{}, CollectionCodecProvider{}, IterableCodecProvider{}, MapCodecProvider{}, GeoJsonCodecProvider{}, GridFSFileCodecProvider{}, Jsr310CodecProvider{}, JsonObjectCodecProvider{}, BsonCodecProvider{}, com.mongodb.client.model.mql.ExpressionCodecProvider@7e9ed4df, com.mongodb.Jep395RecordCodecProvider@453e1bba, com.mongodb.KotlinCodecProvider@aade5a2, EnumCodecProvider{}]}, loggerSettings=LoggerSettings{maxDocumentLength=1000}, clusterSettings={hosts=[localhost:27017], srvServiceName=mongodb, mode=SINGLE, requiredClusterType=UNKNOWN, requiredReplicaSetName='null', serverSelector='null', clusterListeners='[]', serverSelectionTimeout='30000 ms', localThreshold='15 ms'}, socketSettings=SocketSettings{connectTimeoutMS=10000, readTimeoutMS=0, receiveBufferSize=0, proxySettings=ProxySettings{host=null, port=null, username=null, password=null}}, heartbeatSocketSettings=SocketSettings{connectTimeoutMS=10000, readTimeoutMS=10000, receiveBufferSize=0, proxySettings=ProxySettings{host=null, port=null, username=null, password=null}}, connectionPoolSettings=ConnectionPoolSettings{maxSize=100, minSize=0, maxWaitTimeMS=120000, maxConnectionLifeTimeMS=0, maxConnectionIdleTimeMS=0, maintenanceInitialDelayMS=0, maintenanceFrequencyMS=60000, connectionPoolListeners=[], maxConnecting=2}, serverSettings=ServerSettings{heartbeatFrequencyMS=10000, minHeartbeatFrequencyMS=500, serverMonitoringMode=AUTO, serverListeners='[]', serverMonitorListeners='[]'}, sslSettings=SslSettings{enabled=false, invalidHostNameAllowed=false, context=null}, applicationName='null', compressorList=[], uuidRepresentation=UNSPECIFIED, serverApi=null, autoEncryptionSettings=null, dnsClient=null, inetAddressResolver=null, contextProvider=null, timeoutMS=null}
2026-08-13T22:41:50.977-03:00  INFO 10380 --- [messager] [localhost:27017] org.mongodb.driver.cluster               : Monitor thread successfully connected to server with description ServerDescription{address=localhost:27017, type=STANDALONE, cryptd=false, state=CONNECTED, ok=true, minWireVersion=0, maxWireVersion=27, maxDocumentSize=16777216, logicalSessionTimeoutMinutes=30, roundTripTimeNanos=143191000, minRoundTripTimeNanos=0}
2026-08-13T22:41:52.580-03:00  INFO 10380 --- [messager] [           main] c.s.messenger.MessagerApplicationTests   : Started MessagerApplicationTests in 4.106 seconds (process running for 16.547)
]]></system-out>
  </testcase>
</testsuite>